CRITICAL - 2023-12-15 07:54:08 --> Undefined variable $barang
in APPPATH/Views/catalogue.php on line 15.
 1 APPPATH/Views/catalogue.php(15): CodeIgniter\Debug\Exceptions->errorHandler(2, 'Undefined variable $barang', '/var/www/html/app/Views/catalogue.php', 15)
 2 SYSTEMPATH/View/View.php(228): include('/var/www/html/app/Views/catalogue.php')
 3 SYSTEMPATH/View/View.php(231): CodeIgniter\View\View->CodeIgniter\View\{closure}()
 4 SYSTEMPATH/Common.php(1190): CodeIgniter\View\View->render('catalogue', [...], true)
 5 APPPATH/Controllers/Catalogue.php(31): view('catalogue', [...], [...])
 6 SYSTEMPATH/CodeIgniter.php(942): App\Controllers\Catalogue->index()
 7 SYSTEMPATH/CodeIgniter.php(502): CodeIgniter\CodeIgniter->runController(Object(App\Controllers\Catalogue))
 8 SYSTEMPATH/CodeIgniter.php(361): CodeIgniter\CodeIgniter->handleRequest(null, Object(Config\Cache), false)
 9 FCPATH/index.php(79): CodeIgniter\CodeIgniter->run()
CRITICAL - 2023-12-15 07:58:47 --> Undefined variable $barang
in APPPATH/Views/catalogue.php on line 15.
 1 APPPATH/Views/catalogue.php(15): CodeIgniter\Debug\Exceptions->errorHandler(2, 'Undefined variable $barang', '/var/www/html/app/Views/catalogue.php', 15)
 2 SYSTEMPATH/View/View.php(228): include('/var/www/html/app/Views/catalogue.php')
 3 SYSTEMPATH/View/View.php(231): CodeIgniter\View\View->CodeIgniter\View\{closure}()
 4 SYSTEMPATH/Common.php(1190): CodeIgniter\View\View->render('catalogue', [...], true)
 5 APPPATH/Controllers/Catalogue.php(31): view('catalogue', [...], [...])
 6 SYSTEMPATH/CodeIgniter.php(942): App\Controllers\Catalogue->index()
 7 SYSTEMPATH/CodeIgniter.php(502): CodeIgniter\CodeIgniter->runController(Object(App\Controllers\Catalogue))
 8 SYSTEMPATH/CodeIgniter.php(361): CodeIgniter\CodeIgniter->handleRequest(null, Object(Config\Cache), false)
 9 FCPATH/index.php(79): CodeIgniter\CodeIgniter->run()
CRITICAL - 2023-12-15 08:00:02 --> Undefined variable $barang
in APPPATH/Views/catalogue.php on line 15.
 1 APPPATH/Views/catalogue.php(15): CodeIgniter\Debug\Exceptions->errorHandler(2, 'Undefined variable $barang', '/var/www/html/app/Views/catalogue.php', 15)
 2 SYSTEMPATH/View/View.php(228): include('/var/www/html/app/Views/catalogue.php')
 3 SYSTEMPATH/View/View.php(231): CodeIgniter\View\View->CodeIgniter\View\{closure}()
 4 SYSTEMPATH/Common.php(1190): CodeIgniter\View\View->render('catalogue', [...], true)
 5 APPPATH/Controllers/Catalogue.php(31): view('catalogue', [...], [...])
 6 SYSTEMPATH/CodeIgniter.php(942): App\Controllers\Catalogue->index()
 7 SYSTEMPATH/CodeIgniter.php(502): CodeIgniter\CodeIgniter->runController(Object(App\Controllers\Catalogue))
 8 SYSTEMPATH/CodeIgniter.php(361): CodeIgniter\CodeIgniter->handleRequest(null, Object(Config\Cache), false)
 9 FCPATH/index.php(79): CodeIgniter\CodeIgniter->run()
