CRITICAL - 2023-12-13 04:01:57 --> Invalid file: "layout/header.php"
in SYSTEMPATH\Exceptions\FrameworkException.php on line 39.
 1 SYSTEMPATH\View\View.php(216): CodeIgniter\Exceptions\FrameworkException::forInvalidFile('layout/header.php')
 2 SYSTEMPATH\View\View.php(469): CodeIgniter\View\View->render('layout/header', null, true)
 3 APPPATH\Views\layout\template.php(40): CodeIgniter\View\View->include('layout/header')
 4 SYSTEMPATH\View\View.php(228): include('D:\\_ITB Bahan Kuliah\\Semester 5\\II3160 Teknologi Sistem Terintegrasi\\7. UAS\\OnlyTrade-Monolith\\app\\Views\\layout\\template.php')
 5 SYSTEMPATH\View\View.php(231): CodeIgniter\View\View->CodeIgniter\View\{closure}()
 6 SYSTEMPATH\View\View.php(244): CodeIgniter\View\View->render('layout/template', [], true)
 7 SYSTEMPATH\Common.php(1190): CodeIgniter\View\View->render('home', [], true)
 8 APPPATH\Controllers\Home.php(9): view('home')
 9 SYSTEMPATH\CodeIgniter.php(942): App\Controllers\Home->index()
10 SYSTEMPATH\CodeIgniter.php(502): CodeIgniter\CodeIgniter->runController(Object(App\Controllers\Home))
11 SYSTEMPATH\CodeIgniter.php(361): CodeIgniter\CodeIgniter->handleRequest(null, Object(Config\Cache), false)
12 FCPATH\index.php(79): CodeIgniter\CodeIgniter->run()
13 SYSTEMPATH\Commands\Server\rewrite.php(47): require_once('D:\\_ITB Bahan Kuliah\\Semester 5\\II3160 Teknologi Sistem Terintegrasi\\7. UAS\\OnlyTrade-Monolith\\public\\index.php')
CRITICAL - 2023-12-13 04:49:56 --> Invalid file: "katalog.php"
in SYSTEMPATH\Exceptions\FrameworkException.php on line 39.
 1 SYSTEMPATH\View\View.php(216): CodeIgniter\Exceptions\FrameworkException::forInvalidFile('katalog.php')
 2 SYSTEMPATH\Common.php(1190): CodeIgniter\View\View->render('katalog', [], true)
 3 APPPATH\Controllers\Katalog.php(9): view('katalog')
 4 SYSTEMPATH\CodeIgniter.php(942): App\Controllers\Katalog->index()
 5 SYSTEMPATH\CodeIgniter.php(502): CodeIgniter\CodeIgniter->runController(Object(App\Controllers\Katalog))
 6 SYSTEMPATH\CodeIgniter.php(361): CodeIgniter\CodeIgniter->handleRequest(null, Object(Config\Cache), false)
 7 FCPATH\index.php(79): CodeIgniter\CodeIgniter->run()
 8 SYSTEMPATH\Commands\Server\rewrite.php(47): require_once('D:\\_ITB Bahan Kuliah\\Semester 5\\II3160 Teknologi Sistem Terintegrasi\\7. UAS\\OnlyTrade-Monolith\\public\\index.php')
