CRITICAL - 2023-12-14 15:21:41 --> Undefined variable $data
in APPPATH/Controllers/Catalogue.php on line 10.
 1 APPPATH/Controllers/Catalogue.php(10): CodeIgniter\Debug\Exceptions->errorHandler(2, 'Undefined variable $data', '/var/www/html/app/Controllers/Catalogue.php', 10)
 2 SYSTEMPATH/CodeIgniter.php(942): App\Controllers\Catalogue->index()
 3 SYSTEMPATH/CodeIgniter.php(502): CodeIgniter\CodeIgniter->runController(Object(App\Controllers\Catalogue))
 4 SYSTEMPATH/CodeIgniter.php(361): CodeIgniter\CodeIgniter->handleRequest(null, Object(Config\Cache), false)
 5 FCPATH/index.php(79): CodeIgniter\CodeIgniter->run()
CRITICAL - 2023-12-14 15:22:54 --> Undefined array key "template"
in APPPATH/Views/layout/header.php on line 1.
 1 APPPATH/Views/layout/header.php(1): CodeIgniter\Debug\Exceptions->errorHandler(2, 'Undefined array key "template"', '/var/www/html/app/Views/layout/header.php', 1)
 2 SYSTEMPATH/View/View.php(228): include('/var/www/html/app/Views/layout/header.php')
 3 SYSTEMPATH/View/View.php(231): CodeIgniter\View\View->CodeIgniter\View\{closure}()
 4 SYSTEMPATH/View/View.php(469): CodeIgniter\View\View->render('layout/header', null, true)
 5 APPPATH/Views/layout/template.php(39): CodeIgniter\View\View->include('layout/header')
 6 SYSTEMPATH/View/View.php(228): include('/var/www/html/app/Views/layout/template.php')
 7 SYSTEMPATH/View/View.php(231): CodeIgniter\View\View->CodeIgniter\View\{closure}()
 8 SYSTEMPATH/View/View.php(244): CodeIgniter\View\View->render('layout/template', [], true)
 9 SYSTEMPATH/Common.php(1190): CodeIgniter\View\View->render('detail', [], true)
10 APPPATH/Controllers/Detail.php(9): view('detail')
11 SYSTEMPATH/CodeIgniter.php(942): App\Controllers\Detail->index()
12 SYSTEMPATH/CodeIgniter.php(502): CodeIgniter\CodeIgniter->runController(Object(App\Controllers\Detail))
13 SYSTEMPATH/CodeIgniter.php(361): CodeIgniter\CodeIgniter->handleRequest(null, Object(Config\Cache), false)
14 FCPATH/index.php(79): CodeIgniter\CodeIgniter->run()
